Performing C SOURCE FILE Test HAVE_STRUCT_STAT_ST_FLAGS failed with the following output:
Change Dir: /projects/erke2265/src/AIS_snowpack/snowpack/Source/meteoio/CMakeFiles/CMakeTmp

Run Build Command:"/usr/bin/gmake" "cmTC_cbfe7/fast"
/usr/bin/gmake -f CMakeFiles/cmTC_cbfe7.dir/build.make CMakeFiles/cmTC_cbfe7.dir/build
gmake[1]: Entering directory `/projects/erke2265/src/AIS_snowpack/snowpack/Source/meteoio/CMakeFiles/CMakeTmp'
Building C object CMakeFiles/cmTC_cbfe7.dir/src.c.o
/curc/sw/openmpi/2.0.1/gcc/6.1.0/bin/mpicc   -DHAVE_STRUCT_STAT_ST_FLAGS   -o CMakeFiles/cmTC_cbfe7.dir/src.c.o   -c /projects/erke2265/src/AIS_snowpack/snowpack/Source/meteoio/CMakeFiles/CMakeTmp/src.c
/projects/erke2265/src/AIS_snowpack/snowpack/Source/meteoio/CMakeFiles/CMakeTmp/src.c: In function ‘main’:
/projects/erke2265/src/AIS_snowpack/snowpack/Source/meteoio/CMakeFiles/CMakeTmp/src.c:6:35: error: ‘struct stat’ has no member named ‘st_flags’; did you mean ‘st_nlink’?
    (void)sizeof(((struct stat *)0)->st_flags);
                                   ^~
gmake[1]: *** [CMakeFiles/cmTC_cbfe7.dir/src.c.o] Error 1
gmake[1]: Leaving directory `/projects/erke2265/src/AIS_snowpack/snowpack/Source/meteoio/CMakeFiles/CMakeTmp'
gmake: *** [cmTC_cbfe7/fast] Error 2

Source file was:

#include <sys/stat.h>

int main()
{
   (void)sizeof(((struct stat *)0)->st_flags);
   return 0;
}

